{"level":"info","message":"Entry created: 6880ece7c9cab5e34a4a0752"}
{"level":"info","message":"Entry created: 6880ee5ac9cab5e34a4a0782"}
{"level":"error","message":"Error fetching summary: Operation `entries.find()` buffering timed out after 10000ms"}
{"level":"error","message":"Error fetching trends: Operation `entries.aggregate()` buffering timed out after 10000ms"}
{"level":"error","message":"Error fetching entries: Operation `entries.find()` buffering timed out after 10000ms"}
{"level":"error","message":"Error fetching category breakdown: Operation `entries.aggregate()` buffering timed out after 10000ms"}
{"level":"error","message":"Error fetching summary: Operation `entries.find()` buffering timed out after 10000ms"}
{"level":"error","message":"Error fetching trends: Operation `entries.aggregate()` buffering timed out after 10000ms"}
{"level":"error","message":"Error fetching category breakdown: Operation `entries.aggregate()` buffering timed out after 10000ms"}
{"level":"error","message":"Error fetching entries: Operation `entries.find()` buffering timed out after 10000ms"}
{"level":"error","message":"Error fetching entries: Socket 'secureConnect' timed out after 30004ms (connectTimeoutMS: 30000)"}
{"level":"info","message":"Entry soft-deleted: 6880ee5ac9cab5e34a4a0782"}
{"level":"error","message":"Error creating entry: Entry validation failed: amount: Invalid amount for the given entry type., category: `Groceries` is not a valid enum value for path `category`."}
{"level":"info","message":"Entry created: 6881ef8848787e3c3827f744"}
{"level":"error","message":"Error creating entry: Entry validation failed: amount: Invalid amount for the given entry type., category: `Groceries` is not a valid enum value for path `category`."}
{"level":"info","message":"Entry created: 6881f2a6fc518da539cfbb2b"}
{"level":"info","message":"Entry soft-deleted: 6881ef8848787e3c3827f744"}
{"level":"info","message":"Entry soft-deleted: 6881f2a6fc518da539cfbb2b"}
{"level":"info","message":"Entry soft-deleted: 6880ee5ac9cab5e34a4a0782"}
{"level":"info","message":"Entry soft-deleted: 6881ef8848787e3c3827f744"}
{"level":"info","message":"Entry soft-deleted: 6881ef8848787e3c3827f744"}
{"level":"info","message":"Entry created: 6881f4c0fc518da539cfbbf2"}
{"level":"info","message":"Entry created: 6881f6b493d0f392f7ce52f7"}
{"level":"info","message":"Entry soft-deleted: 6881ef8848787e3c3827f744"}
{"level":"info","message":"Entry soft-deleted: 6881ef8848787e3c3827f744"}
{"level":"info","message":"Entry soft-deleted: 6881ef8848787e3c3827f744"}
{"level":"info","message":"Entry soft-deleted: 6881ef8848787e3c3827f744"}
{"level":"info","message":"Entry soft-deleted: 6881ef8848787e3c3827f744"}
{"level":"info","message":"Entry soft-deleted: 6881ef8848787e3c3827f744"}
{"level":"info","message":"Entry soft-deleted: 6881ef8848787e3c3827f744"}
{"level":"info","message":"Entry soft-deleted: 6881ef8848787e3c3827f744"}
{"level":"info","message":"Entry deleted: 6881f4c0fc518da539cfbbf2"}
{"level":"info","message":"Entry deleted: 6881f6b493d0f392f7ce52f7"}
{"level":"info","message":"Entry created: 68821d3c8448afa3326ae133"}
